============================= test session starts ==============================
platform linux -- Python 3.12.3, pytest-7.4.4, pluggy-1.4.0 -- /usr/bin/python3
cachedir: .pytest_cache
rootdir: /home/caukimam/project_Ebpf_lsm/tests
collecting ... collected 21 items

test_network.py::test_command_connect_behavior[ping 8.8.8.8-8.8.8.8-False] 

!!!!!!!!!!!!!!!!!!!!!!!!!!!!!! KeyboardInterrupt !!!!!!!!!!!!!!!!!!!!!!!!!!!!!!!
/usr/lib/python3.12/selectors.py:415: KeyboardInterrupt
(to show a full traceback on KeyboardInterrupt use --full-trace)
============================ no tests ran in 15.69s ============================
